<?xml version="1.0" encoding="UTF-8"?>
<!-- Generated by org.testng.reporters.JUnitReportReporter -->
<testsuite hostname="DESKTOP-F76FDPP" failures="0" tests="1" name="com.InentBanking99project.testCases.TC_LoginTest_001" time="1.539" errors="0" timestamp="13 Jul 2018 18:00:00 GMT" skipped="0">
  <testcase classname="com.InentBanking99project.testCases.TC_LoginTest_001" name="loginTest" time="1.539"/>
</testsuite> <!-- com.InentBanking99project.testCases.TC_LoginTest_001 -->
