<?xml version="1.0" encoding="UTF-8"?>
<!-- Generated by org.testng.reporters.JUnitReportReporter -->
<testsuite hostname="DESKTOP-F76FDPP" failures="0" tests="1" name="com.InentBanking99project.testCases.TC_AddCustomer_003" time="12.338" errors="0" timestamp="13 Jul 2018 18:01:41 GMT" skipped="0">
  <testcase classname="com.InentBanking99project.testCases.TC_AddCustomer_003" name="addNewcustomer" time="12.338"/>
</testsuite> <!-- com.InentBanking99project.testCases.TC_AddCustomer_003 -->
